<?xml version="1.0" encoding="UTF-8"?>
<!-- Generated by org.testng.reporters.JUnitXMLReporter -->
<testsuite hostname="john-PC" ignored="0" name="Default test" tests="4" failures="0" timestamp="13 Nov 2019 03:38:36 GMT" time="21.34" errors="0">
  <testcase name="verifylogin" time="8.279" classname="nov13.Orange"/>
  <testcase name="verifylogin" time="2.837" classname="nov13.Orange"/>
  <testcase name="verifylogin" time="2.796" classname="nov13.Orange"/>
  <testcase name="verifylogin" time="2.59" classname="nov13.Orange"/>
</testsuite> <!-- Default test -->
