<?xml version="1.0" encoding="UTF-8"?>
<!-- Generated by org.testng.reporters.JUnitXMLReporter -->
<testsuite hostname="john-PC" ignored="0" name="chromebrowser" tests="4" failures="0" timestamp="14 Nov 2019 03:36:04 GMT" time="21.1" errors="0">
  <testcase name="verifylogin" time="7.254" classname="nov13.Orange"/>
  <testcase name="verifylogin" time="3.549" classname="nov13.Orange"/>
  <testcase name="verifylogin" time="2.944" classname="nov13.Orange"/>
  <testcase name="verifylogin" time="2.993" classname="nov13.Orange"/>
</testsuite> <!-- chromebrowser -->
