<?xml version="1.0" encoding="UTF-8"?>
<!-- Generated by org.testng.reporters.JUnitXMLReporter -->
<testsuite hostname="john-PC" ignored="0" name="iebrowser" tests="4" failures="0" timestamp="14 Nov 2019 03:36:04 GMT" time="0.047" errors="0">
  <testcase name="@BeforeTest setup" time="0.0" classname="nov13.Orange">
    <failure type="java.lang.NullPointerException">
      <![CDATA[java.lang.NullPointerException
at nov13.Orange.setup(Orange.java:51)
... Removed 24 stack frames]]>
    </failure>
  </testcase> <!-- @BeforeTest setup -->
  <testcase name="@AfterTest afterTest" time="0.0" classname="nov13.Orange">
    <skipped/>
  </testcase> <!-- @AfterTest afterTest -->
  <testcase name="verifylogin" time="0.0" classname="nov13.Orange">
    <skipped/>
  </testcase> <!-- verifylogin -->
  <testcase name="verifylogin" time="0.0" classname="nov13.Orange">
    <skipped/>
  </testcase> <!-- verifylogin -->
  <testcase name="verifylogin" time="0.0" classname="nov13.Orange">
    <skipped/>
  </testcase> <!-- verifylogin -->
  <testcase name="verifylogin" time="0.0" classname="nov13.Orange">
    <skipped/>
  </testcase> <!-- verifylogin -->
</testsuite> <!-- iebrowser -->
